
  ___  ____  ____  ____  ____ ®
 /__    /   ____/   /   ____/      17.0
___/   /   /___/   /   /___/       BE—Basic Edition

 Statistics and Data Science       Copyright 1985-2021 StataCorp LLC
                                   StataCorp
                                   4905 Lakeway Drive
                                   College Station, Texas 77845 USA
                                   800-STATA-PC        https://www.stata.com
                                   979-696-4600        stata@stata.com

Stata license: Single-user , expiring  4 Feb 2023
Serial number: 301709395660
  Licensed to: Antonia Fischer
               

Notes:
      1. Stata is running in batch mode.
      2. Unicode is supported; see help unicode_advice.

. do RStata.do 

. set more off

. 
. capture noisily {
. /*RSTATA: cut me here*/
. clear 
. set more off
. import delimited C:/Users/alexa/Dropbox/wildrwolf/tests/data.csv
(encoding automatically selected: ISO-8859-1)
(15 vars, 500 obs)
. set seed 1
. 
. rwolf y1 y2 y3 y4 y5 y6 y7 y8 y9 y10, indepvar(treatment)  reps(9999) 
Bootstrap replications (9999). This may take some time.
----+--- 1 ---+--- 2 ---+--- 3 ---+--- 4 ---+--- 5
..................................................     50
..................................................     100
..................................................     150
..................................................     200
..................................................     250
..................................................     300
..................................................     350
..................................................     400
..................................................     450
..................................................     500
..................................................     550
..................................................     600
..................................................     650
..................................................     700
..................................................     750
..................................................     800
..................................................     850
..................................................     900
..................................................     950
..................................................     1000
..................................................     1050
..................................................     1100
..................................................     1150
..................................................     1200
..................................................     1250
..................................................     1300
..................................................     1350
..................................................     1400
..................................................     1450
..................................................     1500
..................................................     1550
..................................................     1600
..................................................     1650
..................................................     1700
..................................................     1750
..................................................     1800
..................................................     1850
..................................................     1900
..................................................     1950
..................................................     2000
..................................................     2050
..................................................     2100
..................................................     2150
..................................................     2200
..................................................     2250
..................................................     2300
..................................................     2350
..................................................     2400
..................................................     2450
..................................................     2500
..................................................     2550
..................................................     2600
..................................................     2650
..................................................     2700
..................................................     2750
..................................................     2800
..................................................     2850
..................................................     2900
..................................................     2950
..................................................     3000
..................................................     3050
..................................................     3100
..................................................     3150
..................................................     3200
..................................................     3250
..................................................     3300
..................................................     3350
..................................................     3400
..................................................     3450
..................................................     3500
..................................................     3550
..................................................     3600
..................................................     3650
..................................................     3700
..................................................     3750
..................................................     3800
..................................................     3850
..................................................     3900
..................................................     3950
..................................................     4000
..................................................     4050
..................................................     4100
..................................................     4150
..................................................     4200
..................................................     4250
..................................................     4300
..................................................     4350
..................................................     4400
..................................................     4450
..................................................     4500
..................................................     4550
..................................................     4600
..................................................     4650
..................................................     4700
..................................................     4750
..................................................     4800
..................................................     4850
..................................................     4900
..................................................     4950
..................................................     5000
..................................................     5050
..................................................     5100
..................................................     5150
..................................................     5200
..................................................     5250
..................................................     5300
..................................................     5350
..................................................     5400
..................................................     5450
..................................................     5500
..................................................     5550
..................................................     5600
..................................................     5650
..................................................     5700
..................................................     5750
..................................................     5800
..................................................     5850
..................................................     5900
..................................................     5950
..................................................     6000
..................................................     6050
..................................................     6100
..................................................     6150
..................................................     6200
..................................................     6250
..................................................     6300
..................................................     6350
..................................................     6400
..................................................     6450
..................................................     6500
..................................................     6550
..................................................     6600
..................................................     6650
..................................................     6700
..................................................     6750
..................................................     6800
..................................................     6850
..................................................     6900
..................................................     6950
..................................................     7000
..................................................     7050
..................................................     7100
..................................................     7150
..................................................     7200
..................................................     7250
..................................................     7300
..................................................     7350
..................................................     7400
..................................................     7450
..................................................     7500
..................................................     7550
..................................................     7600
..................................................     7650
..................................................     7700
..................................................     7750
..................................................     7800
..................................................     7850
..................................................     7900
..................................................     7950
..................................................     8000
..................................................     8050
..................................................     8100
..................................................     8150
..................................................     8200
..................................................     8250
..................................................     8300
..................................................     8350
..................................................     8400
..................................................     8450
..................................................     8500
..................................................     8550
..................................................     8600
..................................................     8650
..................................................     8700
..................................................     8750
..................................................     8800
..................................................     8850
..................................................     8900
..................................................     8950
..................................................     9000
..................................................     9050
..................................................     9100
..................................................     9150
..................................................     9200
..................................................     9250
..................................................     9300
..................................................     9350
..................................................     9400
..................................................     9450
..................................................     9500
..................................................     9550
..................................................     9600
..................................................     9650
..................................................     9700
..................................................     9750
..................................................     9800
..................................................     9850
..................................................     9900
..................................................     9950
.................................................



Romano-Wolf step-down adjusted p-values


Independent variable:  treatment
Outcome variables:   y1 y2 y3 y4 y5 y6 y7 y8 y9 y10
Number of resamples: 9999


------------------------------------------------------------------------------
   Outcome Variable | Model p-value    Resample p-value    Romano-Wolf p-value
--------------------+---------------------------------------------------------
                 y1 |    0.4744             0.4680              0.9739
                 y2 |    0.8702             0.8732              0.9974
                 y3 |    0.5812             0.5835              0.9921
                 y4 |    0.7858             0.7875              0.9974
                 y5 |    0.7648             0.7637              0.9974
                 y6 |    0.6877             0.6842              0.9957
                 y7 |    0.9359             0.9401              0.9974
                 y8 |    0.6376             0.6384              0.9947
                 y9 |    0.8481             0.8517              0.9974
                y10 |    0.2328             0.2372              0.7476
------------------------------------------------------------------------------
. //rwolf y1 y2 y3 y4, vce(cluster group_id) cluster(group_id)  indepvar(x1) co
> ntrols(x2) reps(1000) nodots
. /*RSTATA: cut me here*/
. } /* end capture noisily */

. exit, clear STATA

end of do-file
